2025-08-09 11:35:08 +08:00: 
2025-08-09 11:35:08 +08:00: > next-app-template@0.0.1 dev
2025-08-09 11:35:08 +08:00: > next dev --turbo
2025-08-09 11:35:08 +08:00: 
2025-08-09 11:35:09 +08:00:   ▲ Next.js 14.2.5 (turbo)
2025-08-09 11:35:09 +08:00:   - Local:        http://localhost:3000
2025-08-09 11:35:09 +08:00:   - Environments: .env.local
2025-08-09 11:35:09 +08:00: 
2025-08-09 11:35:09 +08:00:  ✓ Starting...
2025-08-09 11:35:10 +08:00:  ✓ Compiled in 85ms
2025-08-09 11:35:10 +08:00:  ✓ Ready in 1541ms
2025-08-09 11:35:21 +08:00:  ○ Compiling / ...
2025-08-09 11:35:22 +08:00: Browserslist: caniuse-lite is outdated. Please run:
2025-08-09 11:35:22 +08:00:   npx update-browserslist-db@latest
2025-08-09 11:35:22 +08:00:   Why you should do it regularly: https://github.com/browserslist/update-db#readme
2025-08-09 11:35:27 +08:00:  ✓ Compiled / in 5.8s
2025-08-09 11:35:27 +08:00:  GET / 200 in 6231ms
2025-08-09 11:35:37 +08:00:  GET / 200 in 175ms
2025-08-09 11:36:12 +08:00:  GET / 200 in 51ms
2025-08-09 11:36:13 +08:00: 111
2025-08-09 11:36:13 +08:00: 222
2025-08-09 11:36:13 +08:00:  POST / 200 in 354ms
2025-08-09 11:36:15 +08:00:  ✓ Compiled in 1514ms
2025-08-09 11:36:15 +08:00:  POST / 200 in 1371ms
2025-08-09 11:36:15 +08:00:  ✓ Compiled / in 11ms
2025-08-09 11:36:15 +08:00:  POST / 200 in 244ms
2025-08-09 11:36:15 +08:00:  POST / 200 in 105ms
2025-08-09 11:36:15 +08:00:  POST / 200 in 50ms
2025-08-09 11:36:15 +08:00:  POST / 200 in 58ms
2025-08-09 11:36:15 +08:00:  POST / 200 in 26ms
2025-08-09 11:36:15 +08:00:  GET /?_rsc=r3yhw 200 in 36ms
2025-08-09 11:36:15 +08:00:  POST / 200 in 40ms
2025-08-09 11:36:29 +08:00:  POST / 200 in 59ms
2025-08-09 11:36:29 +08:00:  GET /zh 200 in 107ms
2025-08-09 11:36:30 +08:00:  POST /zh 200 in 49ms
2025-08-09 11:36:30 +08:00:  POST /zh 200 in 148ms
2025-08-09 11:36:30 +08:00:  POST /zh 200 in 90ms
2025-08-09 11:36:30 +08:00:  POST /zh 200 in 184ms
2025-08-09 11:36:30 +08:00:  POST /zh 200 in 303ms
2025-08-09 11:36:31 +08:00:  POST /zh 200 in 117ms
2025-08-09 11:36:31 +08:00:  POST /zh 200 in 70ms
2025-08-09 11:36:31 +08:00:  POST /zh 200 in 76ms
2025-08-09 11:36:38 +08:00:  GET /zh 200 in 47ms
2025-08-09 11:36:39 +08:00:  POST /zh 200 in 78ms
2025-08-09 11:36:39 +08:00:  POST /zh 200 in 441ms
2025-08-09 11:36:39 +08:00:  POST /zh 200 in 219ms
2025-08-09 11:36:39 +08:00:  POST /zh 200 in 154ms
2025-08-09 11:36:40 +08:00:  POST /zh 200 in 288ms
2025-08-09 11:36:40 +08:00:  POST /zh 200 in 64ms
2025-08-09 11:36:40 +08:00:  POST /zh 200 in 31ms
2025-08-09 11:36:41 +08:00:  POST /zh 200 in 740ms
2025-08-09 11:36:58 +08:00:  ○ Compiling /_not-found/page ...
2025-08-09 11:36:59 +08:00:  ✓ Compiled /_not-found/page in 1627ms
2025-08-09 11:36:59 +08:00:  GET /.well-known/appspecific/com.chrome.devtools.json 404 in 1726ms
2025-08-09 11:41:14 +08:00:  GET /zh 200 in 100ms
2025-08-09 11:41:15 +08:00:  GET /.well-known/appspecific/com.chrome.devtools.json 404 in 364ms
2025-08-09 11:41:16 +08:00:  POST /zh 200 in 351ms
2025-08-09 11:41:16 +08:00:  POST /zh 200 in 164ms
2025-08-09 11:41:17 +08:00:  POST /zh 200 in 345ms
2025-08-09 11:41:17 +08:00:  POST /zh 200 in 89ms
2025-08-09 11:41:17 +08:00:  POST /zh 200 in 166ms
2025-08-09 11:41:17 +08:00:  POST /zh 200 in 49ms
2025-08-09 11:41:17 +08:00:  POST /zh 200 in 94ms
2025-08-09 11:41:17 +08:00:  POST /zh 200 in 92ms
2025-08-09 14:43:59 +08:00:  GET /zh 200 in 173ms
2025-08-09 14:44:00 +08:00:  GET /.well-known/appspecific/com.chrome.devtools.json 404 in 330ms
2025-08-09 14:44:04 +08:00:  POST /zh 200 in 3273ms
2025-08-09 14:44:04 +08:00:  POST /zh 200 in 67ms
2025-08-09 14:44:04 +08:00:  POST /zh 200 in 155ms
2025-08-09 14:44:05 +08:00:  POST /zh 200 in 194ms
2025-08-09 14:44:05 +08:00:  POST /zh 200 in 215ms
2025-08-09 14:44:05 +08:00:  POST /zh 200 in 95ms
2025-08-09 14:44:05 +08:00:  POST /zh 200 in 50ms
2025-08-09 14:44:05 +08:00:  POST /zh 200 in 331ms
2025-08-09 14:44:06 +08:00:  POST /zh 200 in 356ms
2025-08-09 14:50:16 +08:00:  GET /zh 200 in 65ms
2025-08-09 14:50:16 +08:00:  GET /.well-known/appspecific/com.chrome.devtools.json 404 in 81ms
2025-08-09 14:50:17 +08:00:  ✓ Compiled / in 225ms
2025-08-09 14:50:18 +08:00:  POST /zh 200 in 620ms
2025-08-09 14:50:18 +08:00:  POST /zh 200 in 150ms
2025-08-09 14:50:18 +08:00:  POST /zh 200 in 346ms
2025-08-09 14:50:18 +08:00:  POST /zh 200 in 165ms
2025-08-09 14:50:18 +08:00:  POST /zh 200 in 130ms
2025-08-09 14:50:18 +08:00:  POST /zh 200 in 87ms
2025-08-09 14:50:19 +08:00:  POST /zh 200 in 70ms
2025-08-09 14:50:19 +08:00:  GET /zh?_rsc=qp9vp 200 in 49ms
2025-08-09 14:50:19 +08:00:  GET /zh?_rsc=qp9vp 200 in 71ms
2025-08-09 14:50:19 +08:00:  POST /zh 200 in 163ms
2025-08-09 14:50:19 +08:00:  POST /zh 200 in 173ms
2025-08-09 14:50:44 +08:00:  POST /zh 200 in 30ms
2025-08-09 15:51:57 +08:00:    Reload env: .env.local
2025-08-09 15:51:57 +08:00:  GET /zh?_rsc=qp9vp 200 in 42ms
2025-08-09 15:52:30 +08:00: [?25h
2025-08-09 15:52:30 +08:00: 
2025-08-09 15:52:31 +08:00: 
2025-08-09 15:52:31 +08:00: > next-app-template@0.0.1 dev
2025-08-09 15:52:31 +08:00: > next dev --turbo
2025-08-09 15:52:31 +08:00: 
2025-08-09 15:52:31 +08:00:   ▲ Next.js 14.2.5 (turbo)
2025-08-09 15:52:31 +08:00:   - Local:        http://localhost:3000
2025-08-09 15:52:31 +08:00:   - Environments: .env.local
2025-08-09 15:52:31 +08:00: 
2025-08-09 15:52:31 +08:00:  ✓ Starting...
2025-08-09 15:52:32 +08:00:  ✓ Compiled in 170ms
2025-08-09 15:52:32 +08:00:  ✓ Ready in 957ms
2025-08-09 15:53:58 +08:00:  ○ Compiling / ...
2025-08-09 15:53:58 +08:00: Browserslist: caniuse-lite is outdated. Please run:
2025-08-09 15:53:58 +08:00:   npx update-browserslist-db@latest
2025-08-09 15:53:58 +08:00:   Why you should do it regularly: https://github.com/browserslist/update-db#readme
2025-08-09 15:54:02 +08:00:  ✓ Compiled / in 4.4s
2025-08-09 15:54:02 +08:00:  GET / 200 in 4741ms
2025-08-09 15:55:01 +08:00:  GET /zh 200 in 107ms
2025-08-09 15:55:02 +08:00:  ○ Compiling /_not-found/page ...
2025-08-09 15:55:04 +08:00: 111
2025-08-09 15:55:04 +08:00: 222
2025-08-09 15:55:05 +08:00:  ✓ Compiled /_not-found/page in 3.7s
2025-08-09 15:55:05 +08:00:  GET /.well-known/appspecific/com.chrome.devtools.json 404 in 3801ms
2025-08-09 15:55:05 +08:00:  POST /zh 500 in 2565ms
2025-08-09 15:55:05 +08:00:  ⨯ Error: Failed to fetch announcement
2025-08-09 15:55:05 +08:00:     at $$ACTION_5 (/Users/ben/Trae/coin-view-frontend/.next/server/chunks/ssr/_fa3cbb._.js:651:19)
2025-08-09 15:55:05 +08:00: digest: "148035813"
2025-08-09 15:55:05 +08:00:  ✓ Compiled / in 34ms
2025-08-09 15:55:06 +08:00:  ✓ Compiled in 4.6s
2025-08-09 15:55:06 +08:00:  POST /zh 500 in 683ms
2025-08-09 15:55:06 +08:00:  ⨯ Error: Failed to fetch Youtubers
2025-08-09 15:55:06 +08:00:     at $$ACTION_30 (/Users/ben/Trae/coin-view-frontend/.next/server/chunks/ssr/_fa3cbb._.js:1120:19)
2025-08-09 15:55:06 +08:00: digest: "101603651"
2025-08-09 15:55:06 +08:00:  ✓ Compiled / in 49ms
2025-08-09 15:55:06 +08:00:  POST /zh 500 in 203ms
2025-08-09 15:55:06 +08:00:  ⨯ Error: Failed to fetch Youtubers
2025-08-09 15:55:06 +08:00:     at $$ACTION_32 (/Users/ben/Trae/coin-view-frontend/.next/server/chunks/ssr/_fa3cbb._.js:1152:19)
2025-08-09 15:55:06 +08:00: digest: "977413700"
2025-08-09 15:55:07 +08:00:  POST /zh 500 in 189ms
2025-08-09 15:55:07 +08:00:  ⨯ Error: Failed to fetch Youtubers
2025-08-09 15:55:07 +08:00:     at $$ACTION_31 (/Users/ben/Trae/coin-view-frontend/.next/server/chunks/ssr/_fa3cbb._.js:1136:19)
2025-08-09 15:55:07 +08:00: digest: "660618469"
2025-08-09 15:55:07 +08:00:  POST /zh 500 in 202ms
2025-08-09 15:55:07 +08:00:  ⨯ Error: Failed to fetch Youtubers
2025-08-09 15:55:07 +08:00:     at $$ACTION_36 (/Users/ben/Trae/coin-view-frontend/.next/server/chunks/ssr/_fa3cbb._.js:1219:19)
2025-08-09 15:55:07 +08:00: digest: "2206516748"
2025-08-09 15:55:07 +08:00:  POST /zh 200 in 64ms
2025-08-09 15:55:07 +08:00:  POST /zh 200 in 110ms
2025-08-09 15:55:07 +08:00:  GET /zh?_rsc=qp9vp 200 in 44ms
2025-08-09 15:55:07 +08:00:  GET /zh?_rsc=qp9vp 200 in 49ms
2025-08-09 15:55:07 +08:00:  POST /zh 500 in 185ms
2025-08-09 15:55:07 +08:00:  ⨯ Error: Failed to fetch Youtubers
2025-08-09 15:55:07 +08:00:     at $$ACTION_37 (/Users/ben/Trae/coin-view-frontend/.next/server/chunks/ssr/_fa3cbb._.js:1235:19)
2025-08-09 15:55:07 +08:00: digest: "1085023459"
2025-08-09 16:04:17 +08:00:  GET / 200 in 58ms
2025-08-09 16:04:21 +08:00:  POST / 200 in 794ms
2025-08-09 16:04:21 +08:00:  POST / 200 in 411ms
2025-08-09 16:04:22 +08:00:  POST / 200 in 415ms
2025-08-09 16:04:23 +08:00:  POST / 200 in 425ms
2025-08-09 16:04:23 +08:00:  POST / 200 in 326ms
2025-08-09 16:04:23 +08:00:  POST / 200 in 32ms
2025-08-09 16:04:24 +08:00:  POST / 200 in 44ms
2025-08-09 16:04:24 +08:00:  POST / 200 in 355ms
2025-08-09 16:04:25 +08:00:  POST / 200 in 418ms
2025-08-09 16:04:37 +08:00:  GET / 200 in 49ms
2025-08-09 16:05:09 +08:00:  POST / 200 in 34ms
2025-08-09 16:05:09 +08:00:  GET /zh 200 in 71ms
2025-08-09 16:05:13 +08:00:  POST /zh 200 in 744ms
2025-08-09 16:05:14 +08:00:  POST /zh 200 in 317ms
2025-08-09 16:05:14 +08:00:  POST /zh 200 in 262ms
2025-08-09 16:05:15 +08:00:  POST /zh 200 in 291ms
2025-08-09 16:05:15 +08:00:  POST /zh 200 in 275ms
2025-08-09 16:05:15 +08:00:  POST /zh 200 in 27ms
2025-08-09 16:05:16 +08:00:  POST /zh 200 in 33ms
2025-08-09 16:05:20 +08:00:  POST /zh 200 in 3564ms
2025-08-09 16:05:24 +08:00:  POST /zh 200 in 3737ms
2025-08-09 16:17:57 +08:00:  GET / 200 in 70ms
2025-08-09 16:21:22 +08:00:  HEAD / 200 in 50ms
2025-08-09 16:21:23 +08:00:  GET / 200 in 63ms
2025-08-09 16:21:30 +08:00:  GET /.git/config 404 in 45ms
2025-08-09 16:22:22 +08:00:  GET / 200 in 59ms
2025-08-09 16:22:22 +08:00:  GET / 200 in 56ms
2025-08-09 16:22:33 +08:00:  GET / 200 in 53ms
2025-08-09 16:23:06 +08:00:  GET / 200 in 50ms
2025-08-09 16:23:07 +08:00:  GET / 200 in 58ms
2025-08-09 16:23:27 +08:00:  GET / 200 in 81ms
2025-08-09 16:23:27 +08:00:  GET / 200 in 82ms
2025-08-09 16:23:28 +08:00:  GET / 200 in 59ms
2025-08-09 16:23:29 +08:00:  GET /https%3A/coinviews.org%23premium 404 in 209ms
2025-08-09 16:23:29 +08:00:  GET /https%3A/coinviews.org%23partner 404 in 347ms
2025-08-09 16:23:29 +08:00:  GET /https%3A/coinviews.org/disclaimer 404 in 340ms
2025-08-09 16:23:29 +08:00:  GET /https%3A/t.me/CoinViewCS 404 in 340ms
2025-08-09 16:23:29 +08:00:  GET /https%3A/coinviews.org/privacy 404 in 344ms
2025-08-09 16:23:29 +08:00:  GET /https%3A/coinviews.org/about 404 in 346ms
2025-08-09 16:23:29 +08:00:  GET /https%3A/coinviews.org%23faq 404 in 359ms
2025-08-09 16:23:29 +08:00:  GET /https%3A/coinviews.org%23perspectives 404 in 309ms
2025-08-09 16:23:29 +08:00:  GET /https%3A/cloud.umami.is/script.js 404 in 301ms
2025-08-09 16:23:29 +08:00:  GET /https%3A/coinviews.org/about 404 in 299ms
2025-08-09 16:23:29 +08:00:  GET /https%3A/t.me/CoinViewCS 404 in 462ms
2025-08-09 16:23:29 +08:00:  GET /https%3A/coinviews.org/donate%3Fcoin%3DUSDT 404 in 478ms
2025-08-09 16:23:30 +08:00:  GET /https%3A/x.com/coinview_today 404 in 616ms
2025-08-09 16:23:30 +08:00:  GET /https%3A/www.googletagmanager.com/gtag/js%3Fid%3DG-VJ4FV2QGY0 404 in 712ms
2025-08-09 16:23:30 +08:00:  GET /https%3A/x.com/coinview_today 404 in 659ms
2025-08-09 16:23:30 +08:00:  GET /https%3A/coinviews.org%23faq 404 in 689ms
2025-08-09 16:23:30 +08:00:  GET /https%3A/coinviews.org/privacy 404 in 659ms
2025-08-09 16:23:30 +08:00:  GET /https%3A/coinviews.org%23partner 404 in 659ms
2025-08-09 16:23:30 +08:00:  GET /https%3A/coinviews.org%23perspectives 404 in 657ms
2025-08-09 16:23:30 +08:00:  GET /https%3A/coinviews.org/disclaimer 404 in 650ms
2025-08-09 16:23:30 +08:00:  GET /https%3A/coinviews.org%23premium 404 in 657ms
2025-08-09 16:23:30 +08:00:  GET /https%3A/coinviews.org/donate%3Fcoin%3DUSDT 404 in 660ms
2025-08-09 16:23:30 +08:00:  GET /https%3A/cloud.umami.is/script.js 404 in 428ms
2025-08-09 16:23:30 +08:00:  GET /https%3A/www.googletagmanager.com/gtag/js%3Fid%3DG-VJ4FV2QGY0 404 in 435ms
2025-08-09 16:23:30 +08:00:  GET /https%3A/coinviews.org 404 in 439ms
2025-08-09 16:23:31 +08:00:  GET /_next/static/chunks/AngleAxis.js 404 in 55ms
2025-08-09 16:23:32 +08:00:  GET /https%3A/coinviews.org 404 in 53ms
2025-08-09 16:23:35 +08:00:  GET / 200 in 54ms
2025-08-09 16:23:38 +08:00:  GET / 200 in 54ms
2025-08-09 16:23:39 +08:00:  GET /https%3A/coinviews.org/donate%3Fcoin%3DUSDT 404 in 159ms
2025-08-09 16:23:39 +08:00:  GET /https%3A/t.me/CoinViewCS 404 in 159ms
2025-08-09 16:23:39 +08:00:  GET /https%3A/coinviews.org/privacy 404 in 160ms
2025-08-09 16:23:39 +08:00:  GET /https%3A/coinviews.org/about 404 in 159ms
2025-08-09 16:23:40 +08:00:  GET /https%3A/coinviews.org%23partner 404 in 164ms
2025-08-09 16:23:40 +08:00:  GET / 200 in 166ms
2025-08-09 16:23:40 +08:00:  GET /https%3A/cloud.umami.is/script.js 404 in 312ms
2025-08-09 16:23:40 +08:00:  GET /https%3A/coinviews.org/disclaimer 404 in 454ms
2025-08-09 16:23:40 +08:00:  GET /https%3A/coinviews.org%23faq 404 in 456ms
2025-08-09 16:23:40 +08:00:  GET /https%3A/x.com/coinview_today 404 in 453ms
2025-08-09 16:23:40 +08:00:  GET / 200 in 461ms
2025-08-09 16:23:40 +08:00:  GET /https%3A/www.googletagmanager.com/gtag/js%3Fid%3DG-VJ4FV2QGY0 404 in 283ms
2025-08-09 16:23:40 +08:00:  GET /https%3A/coinviews.org%23premium 404 in 100ms
2025-08-09 16:23:41 +08:00:  GET /https%3A/coinviews.org%23perspectives 404 in 231ms
2025-08-09 16:23:41 +08:00:  GET /?key=8XqgRrAtEWrTNbg 200 in 143ms
2025-08-09 16:23:42 +08:00:  ✓ Compiled / in 73ms
2025-08-09 16:23:42 +08:00:  GET / 200 in 231ms
2025-08-09 16:23:42 +08:00:  GET /zh?_rsc=qp9vp 200 in 195ms
2025-08-09 16:23:42 +08:00:  GET /zh?_rsc=qp9vp 200 in 51ms
2025-08-09 16:23:42 +08:00:  POST / 200 in 2002ms
2025-08-09 16:23:42 +08:00:  GET / 200 in 112ms
2025-08-09 16:23:45 +08:00:  GET / 200 in 135ms
2025-08-09 16:23:47 +08:00:  GET / 200 in 80ms
2025-08-09 16:23:49 +08:00:  POST / 200 in 6334ms
2025-08-09 16:23:52 +08:00:  POST / 200 in 982ms
2025-08-09 16:23:52 +08:00:  POST / 200 in 3476ms
2025-08-09 16:23:53 +08:00:  POST / 200 in 584ms
2025-08-09 16:23:53 +08:00:  POST / 200 in 546ms
2025-08-09 16:23:54 +08:00:  POST / 200 in 264ms
2025-08-09 16:23:55 +08:00:  POST / 200 in 301ms
2025-08-09 16:23:55 +08:00:  POST / 200 in 289ms
2025-08-09 16:23:55 +08:00:  POST / 200 in 73ms
2025-08-09 16:23:55 +08:00:  POST / 200 in 373ms
2025-08-09 16:23:56 +08:00:  POST / 200 in 45ms
2025-08-09 16:23:56 +08:00:  POST / 200 in 279ms
2025-08-09 16:23:56 +08:00:  GET /?_rsc=r3yhw 200 in 144ms
2025-08-09 16:23:57 +08:00:  POST / 200 in 283ms
2025-08-09 16:23:57 +08:00:  GET /?_rsc=r3yhw 200 in 157ms
2025-08-09 16:23:57 +08:00:  POST / 200 in 957ms
2025-08-09 16:23:57 +08:00:  POST / 200 in 752ms
2025-08-09 16:23:57 +08:00:  POST / 200 in 66ms
2025-08-09 16:23:59 +08:00:  POST / 200 in 641ms
2025-08-09 16:23:59 +08:00:  POST / 200 in 1456ms
2025-08-09 16:24:03 +08:00:  POST / 200 in 5138ms
2025-08-09 16:24:03 +08:00:  POST / 200 in 5484ms
2025-08-09 16:24:04 +08:00:  POST / 200 in 317ms
2025-08-09 16:24:05 +08:00:  POST / 200 in 489ms
2025-08-09 16:24:05 +08:00:  POST / 200 in 331ms
2025-08-09 16:24:06 +08:00:  POST / 200 in 40ms
2025-08-09 16:24:24 +08:00:  GET / 200 in 78ms
2025-08-09 16:24:31 +08:00:  GET / 200 in 62ms
2025-08-09 16:24:32 +08:00:  GET / 200 in 120ms
2025-08-09 16:24:40 +08:00:  GET / 200 in 75ms
2025-08-09 16:24:42 +08:00:  GET / 200 in 385ms
2025-08-09 16:24:42 +08:00:  GET / 200 in 378ms
2025-08-09 16:24:42 +08:00:  GET / 200 in 382ms
2025-08-09 16:24:42 +08:00:  POST / 200 in 1673ms
2025-08-09 16:24:42 +08:00:  GET / 200 in 248ms
2025-08-09 16:24:42 +08:00:  GET / 200 in 272ms
2025-08-09 16:24:42 +08:00:  GET / 200 in 268ms
2025-08-09 16:24:42 +08:00:  POST / 200 in 1812ms
2025-08-09 16:24:45 +08:00:  POST / 200 in 1821ms
2025-08-09 16:24:46 +08:00:  POST / 200 in 600ms
2025-08-09 16:24:48 +08:00:  POST / 200 in 1209ms
2025-08-09 16:24:48 +08:00:  POST / 200 in 4701ms
2025-08-09 16:24:49 +08:00:  POST / 200 in 482ms
2025-08-09 16:24:49 +08:00:  POST / 200 in 39ms
2025-08-09 16:24:50 +08:00:  POST / 200 in 474ms
2025-08-09 16:24:50 +08:00:  GET / 200 in 92ms
2025-08-09 16:24:50 +08:00:  POST / 200 in 45ms
2025-08-09 16:24:50 +08:00:  POST / 200 in 440ms
2025-08-09 16:24:52 +08:00:  POST / 200 in 550ms
2025-08-09 16:24:52 +08:00:  POST / 200 in 1434ms
2025-08-09 16:24:52 +08:00:  POST / 200 in 58ms
2025-08-09 16:24:53 +08:00:  POST / 200 in 49ms
2025-08-09 16:24:58 +08:00:  POST / 200 in 4450ms
2025-08-09 16:25:00 +08:00:  POST / 200 in 6007ms
2025-08-09 16:25:05 +08:00:  GET / 200 in 76ms
2025-08-09 16:25:06 +08:00:  GET / 200 in 146ms
2025-08-09 16:25:06 +08:00:  GET / 200 in 149ms
2025-08-09 16:25:10 +08:00:  POST / 500 in 5642ms
2025-08-09 16:25:11 +08:00:  ⨯ Error: Failed to fetch announcement
2025-08-09 16:25:11 +08:00:     at $$ACTION_5 (/Users/ben/Trae/coin-view-frontend/.next/server/chunks/ssr/_fa3cbb._.js:651:19)
2025-08-09 16:25:11 +08:00: digest: "148035813"
2025-08-09 16:25:13 +08:00:  POST / 200 in 1147ms
2025-08-09 16:25:13 +08:00:  POST / 200 in 14256ms
2025-08-09 16:25:13 +08:00:  POST / 200 in 13000ms
2025-08-09 16:25:13 +08:00:  POST / 200 in 2372ms
2025-08-09 16:25:15 +08:00:  POST / 200 in 665ms
2025-08-09 16:25:15 +08:00:  POST / 200 in 758ms
2025-08-09 16:25:16 +08:00:  POST / 200 in 754ms
2025-08-09 16:25:16 +08:00:  POST / 200 in 731ms
2025-08-09 16:25:16 +08:00:  POST / 200 in 1447ms
2025-08-09 16:25:16 +08:00:  POST / 200 in 399ms
2025-08-09 16:25:18 +08:00:  ○ Compiling /disclaimer ...
2025-08-09 16:25:18 +08:00:  POST / 200 in 1625ms
2025-08-09 16:25:19 +08:00:  POST / 200 in 2259ms
2025-08-09 16:25:20 +08:00:  ✓ Compiled /disclaimer in 2.6s
2025-08-09 16:25:20 +08:00:  POST / 200 in 1402ms
2025-08-09 16:25:20 +08:00:  POST / 200 in 54ms
2025-08-09 16:25:21 +08:00:  ✓ Compiled / in 173ms
2025-08-09 16:25:21 +08:00:  GET /disclaimer?_rsc=1ahh1 200 in 602ms
2025-08-09 16:25:21 +08:00:  GET /disclaimer?_rsc=1ahh1 200 in 602ms
2025-08-09 16:25:21 +08:00:  GET /disclaimer?_rsc=1ahh1 200 in 606ms
2025-08-09 16:25:21 +08:00:  POST / 200 in 454ms
2025-08-09 16:25:21 +08:00:  GET /disclaimer?_rsc=1qsyt 200 in 455ms
2025-08-09 16:25:21 +08:00:  GET /disclaimer?_rsc=1ahh1 200 in 473ms
2025-08-09 16:25:21 +08:00:  GET /disclaimer?_rsc=1ahh1 200 in 485ms
2025-08-09 16:25:21 +08:00:  GET /zh?_rsc=qp9vp 200 in 491ms
2025-08-09 16:25:22 +08:00:  GET /disclaimer?_rsc=1ahh1 200 in 194ms
2025-08-09 16:25:22 +08:00:  GET /zh?_rsc=qp9vp 200 in 200ms
2025-08-09 16:25:22 +08:00:  GET /zh?_rsc=qp9vp 200 in 323ms
2025-08-09 16:25:22 +08:00:  GET /disclaimer?_rsc=1qsyt 200 in 78ms
2025-08-09 16:25:22 +08:00:  GET /disclaimer?_rsc=1ahh1 200 in 251ms
2025-08-09 16:25:22 +08:00:  GET /?_rsc=r3yhw 200 in 251ms
2025-08-09 16:25:23 +08:00:  GET /disclaimer?_rsc=1qsyt 200 in 299ms
2025-08-09 16:25:23 +08:00:  GET /?_rsc=r3yhw 200 in 304ms
2025-08-09 16:25:23 +08:00:  GET /disclaimer?_rsc=1ahh1 200 in 305ms
2025-08-09 16:25:28 +08:00:  POST / 200 in 14063ms
2025-08-09 16:25:28 +08:00:  GET /disclaimer?_rsc=1qsyt 200 in 68ms
2025-08-09 16:25:29 +08:00:  GET /disclaimer?_rsc=1ahh1 200 in 68ms
2025-08-09 16:25:29 +08:00:  GET /disclaimer?_rsc=1qsyt 200 in 48ms
2025-08-09 16:25:29 +08:00:  POST / 200 in 15640ms
2025-08-09 16:25:30 +08:00:  GET /?_rsc=r3yhw 200 in 30ms
2025-08-09 16:25:30 +08:00:  POST / 200 in 4580ms
2025-08-09 16:25:31 +08:00:  GET /?_rsc=r3yhw 200 in 35ms
2025-08-09 16:25:32 +08:00:  GET /?_rsc=r3yhw 200 in 134ms
2025-08-09 16:25:32 +08:00:  GET /disclaimer?_rsc=1ahh1 200 in 99ms
2025-08-09 16:25:32 +08:00:  GET /?_rsc=r3yhw 200 in 44ms
2025-08-09 16:25:33 +08:00:  GET /disclaimer?_rsc=1ahh1 200 in 128ms
2025-08-09 16:25:33 +08:00:  POST / 200 in 16766ms
2025-08-09 16:25:33 +08:00:  GET /?_rsc=r3yhw 200 in 72ms
2025-08-09 16:25:34 +08:00:  GET /disclaimer?_rsc=1ahh1 200 in 73ms
2025-08-09 16:25:34 +08:00:  POST / 200 in 17622ms
2025-08-09 16:25:34 +08:00:  GET /?_rsc=r3yhw 200 in 38ms
2025-08-09 16:25:34 +08:00:  POST / 200 in 17283ms
2025-08-09 16:25:35 +08:00:  GET /?_rsc=r3yhw 200 in 53ms
2025-08-09 16:25:36 +08:00:  POST / 200 in 510ms
2025-08-09 16:25:36 +08:00:  POST / 200 in 494ms
2025-08-09 16:25:37 +08:00:  POST / 200 in 492ms
2025-08-09 16:25:37 +08:00:  POST / 200 in 332ms
2025-08-09 16:25:37 +08:00:  POST / 200 in 328ms
2025-08-09 16:25:37 +08:00:  POST / 200 in 388ms
2025-08-09 16:25:37 +08:00:  POST / 200 in 316ms
2025-08-09 16:25:38 +08:00:  POST / 200 in 87ms
2025-08-09 16:25:39 +08:00:  POST / 200 in 1087ms
2025-08-09 16:25:39 +08:00:  POST / 200 in 40ms
2025-08-09 16:25:39 +08:00:  POST / 200 in 1228ms
2025-08-09 16:25:39 +08:00:  GET /?_rsc=r3yhw 200 in 171ms
2025-08-09 16:25:40 +08:00:  GET /?_rsc=r3yhw 200 in 49ms
2025-08-09 16:25:41 +08:00:  GET /?_rsc=r3yhw 200 in 62ms
2025-08-09 16:25:42 +08:00:  GET / 200 in 108ms
2025-08-09 16:25:42 +08:00:  GET / 200 in 144ms
2025-08-09 16:25:42 +08:00:  GET /disclaimer?_rsc=1ahh1 200 in 112ms
2025-08-09 16:25:42 +08:00:  GET / 200 in 112ms
2025-08-09 16:25:42 +08:00:  GET / 200 in 105ms
2025-08-09 16:25:43 +08:00:  POST / 200 in 1629ms
2025-08-09 16:25:45 +08:00:  POST / 200 in 6327ms
2025-08-09 16:25:45 +08:00:  POST / 200 in 5960ms
2025-08-09 16:25:47 +08:00:  POST / 200 in 505ms
2025-08-09 16:25:49 +08:00:  POST / 200 in 1342ms
2025-08-09 16:25:50 +08:00:  POST / 200 in 103ms
2025-08-09 16:25:51 +08:00:  POST / 200 in 49ms
2025-08-09 16:25:53 +08:00:  GET /disclaimer?_rsc=1ahh1 200 in 62ms
2025-08-09 16:25:53 +08:00:  GET / 200 in 130ms
2025-08-09 16:25:55 +08:00:  GET / 200 in 85ms
2025-08-09 16:25:55 +08:00:  POST / 200 in 3611ms
2025-08-09 16:26:04 +08:00:  POST / 200 in 26166ms
2025-08-09 16:26:05 +08:00:  GET / 200 in 98ms
2025-08-09 16:26:06 +08:00:  POST / 200 in 679ms
2025-08-09 16:26:10 +08:00:  GET / 200 in 74ms
2025-08-09 16:26:12 +08:00:  GET /disclaimer 200 in 49ms
2025-08-09 16:26:14 +08:00:  GET / 200 in 53ms
2025-08-09 16:26:14 +08:00:  GET / 200 in 40ms
2025-08-09 16:26:16 +08:00:  GET / 200 in 83ms
2025-08-09 16:26:16 +08:00:  GET / 200 in 96ms
2025-08-09 16:26:17 +08:00:  GET / 200 in 57ms
2025-08-09 16:26:18 +08:00:  GET / 200 in 74ms
2025-08-09 16:26:19 +08:00:  GET / 200 in 40ms
2025-08-09 16:26:22 +08:00:  GET / 200 in 171ms
2025-08-09 16:26:24 +08:00:  GET /disclaimer 200 in 48ms
2025-08-09 16:26:24 +08:00:  GET /disclaimer?_rsc=1ahh1 200 in 60ms
2025-08-09 16:26:24 +08:00:  GET /disclaimer 200 in 74ms
2025-08-09 16:26:24 +08:00:  GET /disclaimer 200 in 39ms
2025-08-09 16:26:25 +08:00:  POST / 200 in 3409ms
2025-08-09 16:26:25 +08:00:  GET /disclaimer 200 in 41ms
2025-08-09 16:26:34 +08:00:  GET /disclaimer 200 in 71ms
2025-08-09 16:26:37 +08:00:  GET /disclaimer 200 in 123ms
2025-08-09 16:26:37 +08:00:  GET /disclaimer 200 in 147ms
2025-08-09 16:26:38 +08:00:  GET /disclaimer 200 in 83ms
2025-08-09 16:26:39 +08:00:  GET /disclaimer 200 in 75ms
2025-08-09 16:26:41 +08:00:  GET /disclaimer 200 in 44ms
2025-08-09 16:26:44 +08:00:  POST / 500 in 5312ms
2025-08-09 16:26:44 +08:00:  ⨯ Error: Failed to fetch announcement
2025-08-09 16:26:44 +08:00:     at $$ACTION_5 (/Users/ben/Trae/coin-view-frontend/.next/server/chunks/ssr/_fa3cbb._.js:651:19)
2025-08-09 16:26:44 +08:00: digest: "148035813"
2025-08-09 16:26:46 +08:00:  GET /disclaimer 200 in 45ms
2025-08-09 16:26:48 +08:00:  GET /disclaimer?_rsc=1ahh1 200 in 65ms
2025-08-09 16:26:48 +08:00:  GET / 200 in 77ms
2025-08-09 16:26:49 +08:00:  GET /disclaimer 200 in 95ms
2025-08-09 16:26:49 +08:00:  GET /disclaimer 200 in 84ms
2025-08-09 16:26:50 +08:00:  GET /disclaimer 200 in 53ms
2025-08-09 16:26:51 +08:00:  POST / 200 in 6066ms
2025-08-09 16:26:53 +08:00:  GET /disclaimer 200 in 55ms
2025-08-09 16:26:53 +08:00:  GET /disclaimer 200 in 73ms
2025-08-09 16:27:01 +08:00:  GET /disclaimer 200 in 44ms
2025-08-09 16:27:02 +08:00:  POST / 200 in 7928ms
2025-08-09 16:27:05 +08:00:  GET /disclaimer 200 in 187ms
2025-08-09 16:27:05 +08:00:  GET /disclaimer 200 in 152ms
2025-08-09 16:27:06 +08:00:  GET / 200 in 88ms
2025-08-09 16:27:06 +08:00:  GET /disclaimer?_rsc=1ahh1 200 in 51ms
2025-08-09 16:27:10 +08:00:  POST / 200 in 7995ms
2025-08-09 16:27:12 +08:00:  GET / 200 in 67ms
2025-08-09 16:27:14 +08:00:  GET / 200 in 59ms
2025-08-09 16:27:16 +08:00:  GET /disclaimer 200 in 73ms
2025-08-09 16:27:16 +08:00:  GET / 200 in 41ms
2025-08-09 16:27:16 +08:00:  POST /disclaimer 200 in 877ms
2025-08-09 16:27:17 +08:00:  POST / 200 in 941ms
2025-08-09 16:27:19 +08:00:  POST / 200 in 1474ms
2025-08-09 16:27:19 +08:00:  GET / 200 in 198ms
2025-08-09 16:27:20 +08:00:  POST /disclaimer 200 in 746ms
2025-08-09 16:27:20 +08:00:  POST / 200 in 846ms
2025-08-09 16:27:20 +08:00:  POST /disclaimer 200 in 896ms
2025-08-09 16:27:21 +08:00:  POST / 200 in 565ms
2025-08-09 16:27:23 +08:00:  POST / 200 in 1411ms
2025-08-09 16:27:24 +08:00:  POST / 200 in 54ms
2025-08-09 16:27:24 +08:00:  POST /disclaimer 200 in 521ms
2025-08-09 16:27:24 +08:00:  POST / 200 in 25ms
2025-08-09 16:27:25 +08:00:  POST /disclaimer 200 in 68ms
2025-08-09 16:27:26 +08:00:  POST /disclaimer 200 in 459ms
2025-08-09 16:27:26 +08:00:  POST /disclaimer 200 in 51ms
2025-08-09 16:27:27 +08:00:  POST / 200 in 1488ms
2025-08-09 16:27:33 +08:00:  POST /disclaimer 200 in 1053ms
2025-08-09 16:27:42 +08:00:  POST / 200 in 3104ms
2025-08-09 16:27:42 +08:00:  POST / 200 in 2674ms
2025-08-09 16:27:42 +08:00:  POST / 200 in 4097ms
2025-08-09 16:27:43 +08:00:  POST / 200 in 774ms
2025-08-09 16:27:43 +08:00:  POST / 200 in 1017ms
2025-08-09 16:27:43 +08:00:  POST / 200 in 1038ms
2025-08-09 16:27:44 +08:00:  POST / 200 in 295ms
2025-08-09 16:27:44 +08:00:  POST / 200 in 375ms
2025-08-09 16:27:44 +08:00:  POST / 200 in 456ms
2025-08-09 16:27:45 +08:00:  POST / 200 in 633ms
2025-08-09 16:27:45 +08:00:  POST / 200 in 915ms
2025-08-09 16:27:45 +08:00:  POST / 200 in 487ms
2025-08-09 16:27:47 +08:00:  POST / 200 in 1004ms
2025-08-09 16:27:47 +08:00:  POST / 200 in 829ms
2025-08-09 16:27:47 +08:00:  POST / 200 in 1052ms
2025-08-09 16:27:48 +08:00:  POST / 200 in 306ms
2025-08-09 16:27:48 +08:00:  POST / 200 in 285ms
2025-08-09 16:27:48 +08:00:  POST / 200 in 257ms
2025-08-09 16:27:49 +08:00:  POST / 200 in 36ms
2025-08-09 16:27:50 +08:00:  POST / 200 in 46ms
